<?xml version="1.0" encoding="UTF-8"?>
<!-- Generated by org.testng.reporters.JUnitReportReporter -->
<testsuite hostname="DEC1486" failures="0" tests="1" name="testCases.TC001_AccountRegistration" time="2.580" errors="0" timestamp="2025-08-15T13:28:02 IST" skipped="0">
  <testcase classname="testCases.TC001_AccountRegistration" name="registerUser" time="2.580"/>
</testsuite> <!-- testCases.TC001_AccountRegistration -->
