<?xml version="1.0" encoding="UTF-8"?>
<!-- Generated by org.testng.reporters.JUnitReportReporter -->
<testsuite hostname="DEC1486" failures="0" tests="1" name="testCases.TC002_LoginTest" time="1.355" errors="0" timestamp="2025-08-15T13:28:02 IST" skipped="0">
  <testcase classname="testCases.TC002_LoginTest" name="testLogin" time="1.355"/>
</testsuite> <!-- testCases.TC002_LoginTest -->
