<?xml version="1.0" encoding="UTF-8"?>
<!-- Generated by org.testng.reporters.JUnitReportReporter -->
<testsuite hostname="DEC1486" failures="0" tests="1" name="testCases.UserRegistration" time="3.327" errors="0" timestamp="2025-08-08T21:30:03 IST" skipped="0">
  <testcase classname="testCases.UserRegistration" name="RegisterUser" time="3.327"/>
</testsuite> <!-- testCases.UserRegistration -->
